Arguments: 
  C:\Program Files\nodejs\node.exe C:\Users\DEPATIEC\AppData\Roaming\npm\node_modules\yarn\bin\yarn.js

PATH: 
  C:\Python39\Scripts\;C:\Python39\;C:\windows\system32;C:\windows;C:\windows\System32\Wbem;C:\windows\System32\WindowsPowerShell\v1.0\;C:\windows\System32\OpenSSH\;C:\Program Files\Intel\WiFi\bin\;C:\Program Files\Common Files\Intel\WirelessCommon\;C:\Program Files\nodejs\;C:\ProgramData\chocolatey\bin;C:\Program Files (x86)\Microsoft SQL Server\Client SDK\ODBC\130\Tools\Binn\;C:\Program Files (x86)\Microsoft SQL Server\140\Tools\Binn\;C:\Program Files (x86)\Microsoft SQL Server\140\DTS\Binn\;C:\Program Files (x86)\Microsoft SQL Server\140\Tools\Binn\ManagementStudio\;C:\Users\DEPATIEC\AppData\Local\Microsoft\WindowsApps;C:\Users\DEPATIEC\AppData\Local\Programs\Microsoft VS Code\bin;C:\Users\DEPATIEC\AppData\Local\Programs\Git\cmd

Yarn version: 
  1.22.10

Node version: 
  15.11.0

Platform: 
  win32 x64

Trace: 
  Error: https://registry.yarnpkg.com/rxjs/-/rxjs-6.6.7.tgz: ESOCKETTIMEDOUT
      at ClientRequest.<anonymous> (C:\Users\DEPATIEC\AppData\Roaming\npm\node_modules\yarn\lib\cli.js:141289:19)
      at Object.onceWrapper (node:events:484:28)
      at ClientRequest.emit (node:events:378:20)
      at TLSSocket.emitRequestTimeout (node:_http_client:780:9)
      at Object.onceWrapper (node:events:484:28)
      at TLSSocket.emit (node:events:390:22)
      at TLSSocket.Socket._onTimeout (node:net:480:8)
      at listOnTimeout (node:internal/timers:557:17)
      at processTimers (node:internal/timers:500:7)

npm manifest: 
  {
    "name": "primereact",
    "version": "7.0.0-SNAPSHOT",
    "homepage": ".",
    "repository": {
      "type": "git",
      "url": "https://github.com/primefaces/primereact.git"
    },
    "license": "MIT",
    "keywords": [
      "primereact",
      "react",
      "ui framework",
      "component framework",
      "ui library",
      "component library",
      "material",
      "bootstrap",
      "react components",
      "responsive components"
    ],
    "devDependencies": {
      "@babel/cli": "^7.14.3",
      "@fullcalendar/core": "^5.7.2",
      "@fullcalendar/daygrid": "^5.7.2",
      "@fullcalendar/interaction": "^5.7.2",
      "@fullcalendar/react": "^5.7.0",
      "@fullcalendar/timegrid": "^5.7.2",
      "@rollup/plugin-alias": "^3.1.2",
      "@rollup/plugin-babel": "^5.3.0",
      "@rollup/plugin-commonjs": "^19.0.0",
      "@rollup/plugin-node-resolve": "^13.0.0",
      "@rollup/plugin-replace": "^2.4.2",
      "@testing-library/jest-dom": "^5.14.1",
      "@testing-library/react": "^12.0.0",
      "chart.js": "3.3.2",
      "codesandbox": "2.1.14",
      "core-js": "^3.6.5",
      "file-saver": "^2.0.2",
      "final-form": "^4.20.2",
      "formik": "^2.2.6",
      "fs-extra": "^10.0.0",
      "gulp": "^4.0.2",
      "gulp-concat": "^2.6.1",
      "gulp-flatten": "^0.4.0",
      "gulp-rename": "^2.0.0",
      "gulp-uglify": "^3.0.2",
      "gulp-uglifycss": "^1.1.0",
      "jspdf": "^1.5.3",
      "jspdf-autotable": "^3.2.5",
      "path": "^0.12.7",
      "primeflex": "2.0.0",
      "primeicons": "^4.1.0",
      "prismjs": "1.9.0",
      "prop-types": "^15.6.2",
      "quill": "1.3.7",
      "react": "^17.0.1",
      "react-app-polyfill": "^1.0.6",
      "react-dom": "^17.0.1",
      "react-final-form": "^6.5.3",
      "react-hook-form": "^7.8.4",
      "react-router-dom": "^5.2.0",
      "react-scripts": "3.4.1",
      "react-transition-group": "^4.4.1",
      "regenerator-runtime": "^0.13.5",
      "rollup": "^2.52.1",
      "rollup-plugin-postcss": "^4.0.0",
      "rollup-plugin-terser": "^7.0.2",
      "sass": "^1.32.8",
      "xlsx": "^0.15.1"
    },
    "scripts": {
      "start": "react-scripts start",
      "build": "react-scripts build",
      "test": "react-scripts test --setupFilesAfterEnv ./src/setupTests.js",
      "eject": "react-scripts eject",
      "build-lib": "NODE_ENV=production rollup -c && gulp build-resources && npm run build-api",
      "build-api": "node ./api-generator/build-api.js"
    },
    "eslintConfig": {
      "extends": "react-app"
    },
    "browserslist": [
      "> 1%",
      "last 2 versions",
      "not ie <= 8"
    ]
  }

yarn manifest: 
  No manifest

Lockfile: 
  No lockfile
